2025-01-06 23:51:49 [main] INFO  com.payment.gateway.api.ApiApplication - Starting ApiApplication using Java 23.0.1 with PID 5972 (D:\projects\paymentGateway\api\target\classes started by PREETH in D:\projects\paymentGateway\api)
2025-01-06 23:51:49 [main] INFO  com.payment.gateway.api.ApiApplication - No active profile set, falling back to 1 default profile: "default"
2025-01-06 23:51:50 [main] INFO  org.springframework.boot.web.embedded.tomcat.TomcatWebServer - Tomcat initialized with port 8080 (http)
2025-01-06 23:51:50 [main] INFO  org.apache.coyote.http11.Http11NioProtocol - Initializing ProtocolHandler ["http-nio-8080"]
2025-01-06 23:51:50 [main] INFO  org.apache.catalina.core.StandardService - Starting service [Tomcat]
2025-01-06 23:51:50 [main] INFO  org.apache.catalina.core.StandardEngine - Starting Servlet engine: [Apache Tomcat/10.1.33]
2025-01-06 23:51:50 [main] INFO  org.apache.catalina.core.ContainerBase.[Tomcat].[localhost].[/] - Initializing Spring embedded WebApplicationContext
2025-01-06 23:51:50 [main] INFO  org.springframework.boot.web.servlet.context.ServletWebServerApplicationContext - Root WebApplicationContext: initialization completed in 938 ms
2025-01-06 23:51:50 [main] INFO  org.apache.coyote.http11.Http11NioProtocol - Starting ProtocolHandler ["http-nio-8080"]
2025-01-06 23:51:50 [main] INFO  org.springframework.boot.web.embedded.tomcat.TomcatWebServer - Tomcat started on port 8080 (http) with context path '/'
2025-01-06 23:51:50 [main] INFO  com.payment.gateway.api.ApiApplication - Started ApiApplication in 1.737 seconds (process running for 2.552)
2025-01-06 23:51:53 [http-nio-8080-exec-3] INFO  org.apache.catalina.core.ContainerBase.[Tomcat].[localhost].[/] - Initializing Spring DispatcherServlet 'dispatcherServlet'
2025-01-06 23:51:53 [http-nio-8080-exec-3] INFO  org.springframework.web.servlet.DispatcherServlet - Initializing Servlet 'dispatcherServlet'
2025-01-06 23:51:53 [http-nio-8080-exec-3] INFO  org.springframework.web.servlet.DispatcherServlet - Completed initialization in 2 ms
2025-01-06 23:54:00 [SpringApplicationShutdownHook] INFO  org.springframework.boot.web.embedded.tomcat.GracefulShutdown - Commencing graceful shutdown. Waiting for active requests to complete
2025-01-06 23:54:00 [tomcat-shutdown] INFO  org.springframework.boot.web.embedded.tomcat.GracefulShutdown - Graceful shutdown complete
2025-01-06 23:54:03 [main] INFO  com.payment.gateway.api.ApiApplication - Starting ApiApplication using Java 23.0.1 with PID 16736 (D:\projects\paymentGateway\api\target\classes started by PREETH in D:\projects\paymentGateway\api)
2025-01-06 23:54:03 [main] INFO  com.payment.gateway.api.ApiApplication - No active profile set, falling back to 1 default profile: "default"
2025-01-06 23:54:04 [main] INFO  org.springframework.boot.web.embedded.tomcat.TomcatWebServer - Tomcat initialized with port 8080 (http)
2025-01-06 23:54:04 [main] INFO  org.apache.coyote.http11.Http11NioProtocol - Initializing ProtocolHandler ["http-nio-8080"]
2025-01-06 23:54:04 [main] INFO  org.apache.catalina.core.StandardService - Starting service [Tomcat]
2025-01-06 23:54:04 [main] INFO  org.apache.catalina.core.StandardEngine - Starting Servlet engine: [Apache Tomcat/10.1.33]
2025-01-06 23:54:04 [main] INFO  org.apache.catalina.core.ContainerBase.[Tomcat].[localhost].[/] - Initializing Spring embedded WebApplicationContext
2025-01-06 23:54:04 [main] INFO  org.springframework.boot.web.servlet.context.ServletWebServerApplicationContext - Root WebApplicationContext: initialization completed in 959 ms
2025-01-06 23:54:05 [main] INFO  org.apache.coyote.http11.Http11NioProtocol - Starting ProtocolHandler ["http-nio-8080"]
2025-01-06 23:54:05 [main] INFO  org.springframework.boot.web.embedded.tomcat.TomcatWebServer - Tomcat started on port 8080 (http) with context path '/'
2025-01-06 23:54:05 [main] INFO  com.payment.gateway.api.ApiApplication - Started ApiApplication in 1.83 seconds (process running for 2.654)
2025-01-06 23:54:08 [http-nio-8080-exec-1] INFO  org.apache.catalina.core.ContainerBase.[Tomcat].[localhost].[/] - Initializing Spring DispatcherServlet 'dispatcherServlet'
2025-01-06 23:54:08 [http-nio-8080-exec-1] INFO  org.springframework.web.servlet.DispatcherServlet - Initializing Servlet 'dispatcherServlet'
2025-01-06 23:54:08 [http-nio-8080-exec-1] INFO  org.springframework.web.servlet.DispatcherServlet - Completed initialization in 1 ms
2025-01-06 23:54:08 [http-nio-8080-exec-1] INFO  com.payment.gateway.api.controller.EntryController - Entered
2025-01-06 23:54:32 [http-nio-8080-exec-3] INFO  com.payment.gateway.api.controller.EntryController - Entered
2025-01-06 23:54:45 [SpringApplicationShutdownHook] INFO  org.springframework.boot.web.embedded.tomcat.GracefulShutdown - Commencing graceful shutdown. Waiting for active requests to complete
2025-01-06 23:54:45 [tomcat-shutdown] INFO  org.springframework.boot.web.embedded.tomcat.GracefulShutdown - Graceful shutdown complete
2025-01-06 23:59:55 [main] INFO  com.payment.gateway.api.ApiApplication - Starting ApiApplication using Java 23.0.1 with PID 8908 (D:\projects\paymentGateway\api\target\classes started by PREETH in D:\projects\paymentGateway\api)
2025-01-06 23:59:55 [main] INFO  com.payment.gateway.api.ApiApplication - No active profile set, falling back to 1 default profile: "default"
2025-01-06 23:59:56 [main] INFO  org.springframework.boot.web.embedded.tomcat.TomcatWebServer - Tomcat initialized with port 8080 (http)
2025-01-06 23:59:56 [main] INFO  org.apache.coyote.http11.Http11NioProtocol - Initializing ProtocolHandler ["http-nio-8080"]
2025-01-06 23:59:56 [main] INFO  org.apache.catalina.core.StandardService - Starting service [Tomcat]
2025-01-06 23:59:56 [main] INFO  org.apache.catalina.core.StandardEngine - Starting Servlet engine: [Apache Tomcat/10.1.33]
2025-01-06 23:59:56 [main] INFO  org.apache.catalina.core.ContainerBase.[Tomcat].[localhost].[/] - Initializing Spring embedded WebApplicationContext
2025-01-06 23:59:56 [main] INFO  org.springframework.boot.web.servlet.context.ServletWebServerApplicationContext - Root WebApplicationContext: initialization completed in 953 ms
2025-01-06 23:59:56 [main] INFO  org.apache.coyote.http11.Http11NioProtocol - Starting ProtocolHandler ["http-nio-8080"]
2025-01-06 23:59:56 [main] INFO  org.springframework.boot.web.embedded.tomcat.TomcatWebServer - Tomcat started on port 8080 (http) with context path '/'
2025-01-06 23:59:56 [main] INFO  com.payment.gateway.api.ApiApplication - Started ApiApplication in 1.764 seconds (process running for 2.583)
