2025-01-07 00:00:03 [http-nio-8080-exec-1] INFO  org.apache.catalina.core.ContainerBase.[Tomcat].[localhost].[/] - Initializing Spring DispatcherServlet 'dispatcherServlet'
2025-01-07 00:00:03 [http-nio-8080-exec-1] INFO  org.springframework.web.servlet.DispatcherServlet - Initializing Servlet 'dispatcherServlet'
2025-01-07 00:00:03 [http-nio-8080-exec-1] INFO  org.springframework.web.servlet.DispatcherServlet - Completed initialization in 0 ms
2025-01-07 00:00:40 [SpringApplicationShutdownHook] INFO  org.springframework.boot.web.embedded.tomcat.GracefulShutdown - Commencing graceful shutdown. Waiting for active requests to complete
2025-01-07 00:00:40 [tomcat-shutdown] INFO  org.springframework.boot.web.embedded.tomcat.GracefulShutdown - Graceful shutdown complete
2025-01-07 00:00:43 [main] INFO  com.payment.gateway.api.ApiApplication - Starting ApiApplication using Java 23.0.1 with PID 16856 (D:\projects\paymentGateway\api\target\classes started by PREETH in D:\projects\paymentGateway\api)
2025-01-07 00:00:43 [main] INFO  com.payment.gateway.api.ApiApplication - No active profile set, falling back to 1 default profile: "default"
2025-01-07 00:00:44 [main] INFO  org.springframework.boot.web.embedded.tomcat.TomcatWebServer - Tomcat initialized with port 8080 (http)
2025-01-07 00:00:44 [main] INFO  org.apache.coyote.http11.Http11NioProtocol - Initializing ProtocolHandler ["http-nio-8080"]
2025-01-07 00:00:44 [main] INFO  org.apache.catalina.core.StandardService - Starting service [Tomcat]
2025-01-07 00:00:44 [main] INFO  org.apache.catalina.core.StandardEngine - Starting Servlet engine: [Apache Tomcat/10.1.33]
2025-01-07 00:00:44 [main] INFO  org.apache.catalina.core.ContainerBase.[Tomcat].[localhost].[/] - Initializing Spring embedded WebApplicationContext
2025-01-07 00:00:44 [main] INFO  org.springframework.boot.web.servlet.context.ServletWebServerApplicationContext - Root WebApplicationContext: initialization completed in 1018 ms
2025-01-07 00:00:45 [main] INFO  org.apache.coyote.http11.Http11NioProtocol - Starting ProtocolHandler ["http-nio-8080"]
2025-01-07 00:00:45 [main] INFO  org.springframework.boot.web.embedded.tomcat.TomcatWebServer - Tomcat started on port 8080 (http) with context path '/'
2025-01-07 00:00:45 [main] INFO  com.payment.gateway.api.ApiApplication - Started ApiApplication in 1.884 seconds (process running for 2.705)
2025-01-07 00:00:46 [http-nio-8080-exec-1] INFO  org.apache.catalina.core.ContainerBase.[Tomcat].[localhost].[/] - Initializing Spring DispatcherServlet 'dispatcherServlet'
2025-01-07 00:00:46 [http-nio-8080-exec-1] INFO  org.springframework.web.servlet.DispatcherServlet - Initializing Servlet 'dispatcherServlet'
2025-01-07 00:00:46 [http-nio-8080-exec-1] INFO  org.springframework.web.servlet.DispatcherServlet - Completed initialization in 1 ms
2025-01-07 00:00:46 [http-nio-8080-exec-1] INFO  com.payment.gateway.api.controller.EntryController - Entered
2025-01-07 00:04:42 [http-nio-8080-exec-5] INFO  com.payment.gateway.api.controller.EntryController - Entered
2025-01-07 00:05:54 [SpringApplicationShutdownHook] INFO  org.springframework.boot.web.embedded.tomcat.GracefulShutdown - Commencing graceful shutdown. Waiting for active requests to complete
2025-01-07 00:05:54 [tomcat-shutdown] INFO  org.springframework.boot.web.embedded.tomcat.GracefulShutdown - Graceful shutdown complete
2025-01-07 00:06:00 [main] INFO  com.payment.gateway.api.ApiApplication - Starting ApiApplication using Java 23.0.1 with PID 16616 (D:\projects\paymentGateway\api\target\classes started by PREETH in D:\projects\paymentGateway\api)
2025-01-07 00:06:00 [main] INFO  com.payment.gateway.api.ApiApplication - No active profile set, falling back to 1 default profile: "default"
2025-01-07 00:06:01 [main] INFO  org.springframework.boot.web.embedded.tomcat.TomcatWebServer - Tomcat initialized with port 8080 (http)
2025-01-07 00:06:01 [main] INFO  org.apache.coyote.http11.Http11NioProtocol - Initializing ProtocolHandler ["http-nio-8080"]
2025-01-07 00:06:01 [main] INFO  org.apache.catalina.core.StandardService - Starting service [Tomcat]
2025-01-07 00:06:01 [main] INFO  org.apache.catalina.core.StandardEngine - Starting Servlet engine: [Apache Tomcat/10.1.33]
2025-01-07 00:06:01 [main] INFO  org.apache.catalina.core.ContainerBase.[Tomcat].[localhost].[/] - Initializing Spring embedded WebApplicationContext
2025-01-07 00:06:01 [main] INFO  org.springframework.boot.web.servlet.context.ServletWebServerApplicationContext - Root WebApplicationContext: initialization completed in 1049 ms
2025-01-07 00:06:02 [main] INFO  org.apache.coyote.http11.Http11NioProtocol - Starting ProtocolHandler ["http-nio-8080"]
2025-01-07 00:06:02 [main] INFO  org.springframework.boot.web.embedded.tomcat.TomcatWebServer - Tomcat started on port 8080 (http) with context path '/'
2025-01-07 00:06:02 [main] INFO  com.payment.gateway.api.ApiApplication - Started ApiApplication in 1.978 seconds (process running for 2.792)
2025-01-07 00:06:05 [http-nio-8080-exec-2] INFO  org.apache.catalina.core.ContainerBase.[Tomcat].[localhost].[/] - Initializing Spring DispatcherServlet 'dispatcherServlet'
2025-01-07 00:06:05 [http-nio-8080-exec-2] INFO  org.springframework.web.servlet.DispatcherServlet - Initializing Servlet 'dispatcherServlet'
2025-01-07 00:06:05 [http-nio-8080-exec-2] INFO  org.springframework.web.servlet.DispatcherServlet - Completed initialization in 1 ms
2025-01-07 00:06:05 [http-nio-8080-exec-2] INFO  com.payment.gateway.api.controller.EntryController - Entered
2025-01-07 00:06:55 [SpringApplicationShutdownHook] INFO  org.springframework.boot.web.embedded.tomcat.GracefulShutdown - Commencing graceful shutdown. Waiting for active requests to complete
2025-01-07 00:06:55 [tomcat-shutdown] INFO  org.springframework.boot.web.embedded.tomcat.GracefulShutdown - Graceful shutdown complete
2025-01-07 00:06:58 [main] INFO  com.payment.gateway.api.ApiApplication - Starting ApiApplication using Java 23.0.1 with PID 16652 (D:\projects\paymentGateway\api\target\classes started by PREETH in D:\projects\paymentGateway\api)
2025-01-07 00:06:58 [main] INFO  com.payment.gateway.api.ApiApplication - No active profile set, falling back to 1 default profile: "default"
2025-01-07 00:06:59 [main] INFO  org.springframework.boot.web.embedded.tomcat.TomcatWebServer - Tomcat initialized with port 8080 (http)
2025-01-07 00:06:59 [main] INFO  org.apache.coyote.http11.Http11NioProtocol - Initializing ProtocolHandler ["http-nio-8080"]
2025-01-07 00:06:59 [main] INFO  org.apache.catalina.core.StandardService - Starting service [Tomcat]
2025-01-07 00:06:59 [main] INFO  org.apache.catalina.core.StandardEngine - Starting Servlet engine: [Apache Tomcat/10.1.33]
2025-01-07 00:06:59 [main] INFO  org.apache.catalina.core.ContainerBase.[Tomcat].[localhost].[/] - Initializing Spring embedded WebApplicationContext
2025-01-07 00:06:59 [main] INFO  org.springframework.boot.web.servlet.context.ServletWebServerApplicationContext - Root WebApplicationContext: initialization completed in 908 ms
2025-01-07 00:06:59 [main] INFO  org.apache.coyote.http11.Http11NioProtocol - Starting ProtocolHandler ["http-nio-8080"]
2025-01-07 00:06:59 [main] INFO  org.springframework.boot.web.embedded.tomcat.TomcatWebServer - Tomcat started on port 8080 (http) with context path '/'
2025-01-07 00:06:59 [main] INFO  com.payment.gateway.api.ApiApplication - Started ApiApplication in 1.679 seconds (process running for 2.577)
2025-01-07 00:07:03 [http-nio-8080-exec-2] INFO  org.apache.catalina.core.ContainerBase.[Tomcat].[localhost].[/] - Initializing Spring DispatcherServlet 'dispatcherServlet'
2025-01-07 00:07:03 [http-nio-8080-exec-2] INFO  org.springframework.web.servlet.DispatcherServlet - Initializing Servlet 'dispatcherServlet'
2025-01-07 00:07:03 [http-nio-8080-exec-2] INFO  org.springframework.web.servlet.DispatcherServlet - Completed initialization in 1 ms
2025-01-07 00:07:03 [http-nio-8080-exec-2] INFO  com.payment.gateway.api.controller.EntryController - Entered
2025-01-07 00:07:22 [SpringApplicationShutdownHook] INFO  org.springframework.boot.web.embedded.tomcat.GracefulShutdown - Commencing graceful shutdown. Waiting for active requests to complete
2025-01-07 00:07:22 [tomcat-shutdown] INFO  org.springframework.boot.web.embedded.tomcat.GracefulShutdown - Graceful shutdown complete
2025-01-07 00:07:24 [main] INFO  com.payment.gateway.api.ApiApplication - Starting ApiApplication using Java 23.0.1 with PID 1892 (D:\projects\paymentGateway\api\target\classes started by PREETH in D:\projects\paymentGateway\api)
2025-01-07 00:07:24 [main] INFO  com.payment.gateway.api.ApiApplication - No active profile set, falling back to 1 default profile: "default"
2025-01-07 00:07:25 [main] INFO  org.springframework.boot.web.embedded.tomcat.TomcatWebServer - Tomcat initialized with port 8080 (http)
2025-01-07 00:07:25 [main] INFO  org.apache.coyote.http11.Http11NioProtocol - Initializing ProtocolHandler ["http-nio-8080"]
2025-01-07 00:07:25 [main] INFO  org.apache.catalina.core.StandardService - Starting service [Tomcat]
2025-01-07 00:07:25 [main] INFO  org.apache.catalina.core.StandardEngine - Starting Servlet engine: [Apache Tomcat/10.1.33]
2025-01-07 00:07:25 [main] INFO  org.apache.catalina.core.ContainerBase.[Tomcat].[localhost].[/] - Initializing Spring embedded WebApplicationContext
2025-01-07 00:07:25 [main] INFO  org.springframework.boot.web.servlet.context.ServletWebServerApplicationContext - Root WebApplicationContext: initialization completed in 944 ms
2025-01-07 00:07:26 [main] INFO  org.apache.coyote.http11.Http11NioProtocol - Starting ProtocolHandler ["http-nio-8080"]
2025-01-07 00:07:26 [main] INFO  org.springframework.boot.web.embedded.tomcat.TomcatWebServer - Tomcat started on port 8080 (http) with context path '/'
2025-01-07 00:07:26 [main] INFO  com.payment.gateway.api.ApiApplication - Started ApiApplication in 1.755 seconds (process running for 2.576)
2025-01-07 00:07:28 [http-nio-8080-exec-2] INFO  org.apache.catalina.core.ContainerBase.[Tomcat].[localhost].[/] - Initializing Spring DispatcherServlet 'dispatcherServlet'
2025-01-07 00:07:28 [http-nio-8080-exec-2] INFO  org.springframework.web.servlet.DispatcherServlet - Initializing Servlet 'dispatcherServlet'
2025-01-07 00:07:28 [http-nio-8080-exec-2] INFO  org.springframework.web.servlet.DispatcherServlet - Completed initialization in 1 ms
2025-01-07 00:07:28 [http-nio-8080-exec-2] INFO  com.payment.gateway.api.controller.EntryController - Entered
2025-01-07 00:07:47 [SpringApplicationShutdownHook] INFO  org.springframework.boot.web.embedded.tomcat.GracefulShutdown - Commencing graceful shutdown. Waiting for active requests to complete
2025-01-07 00:07:47 [tomcat-shutdown] INFO  org.springframework.boot.web.embedded.tomcat.GracefulShutdown - Graceful shutdown complete
